1534386890114	geckodriver	INFO	geckodriver 0.21.0
1534386890157	geckodriver	INFO	Listening on 127.0.0.1:2197
1534386892950	mozrunner::runner	INFO	Running command: "C:\\Program Files\\Mozilla Firefox\\firefox.exe" "-marionette" "-foreground" "-no-remote" "-profile" "D:\\Users\\xiaoming\\Temp\\rust_mozprofile.zLaaUVj5S7zM"
1534387009359	geckodriver	INFO	geckodriver 0.21.0
1534387009378	geckodriver	INFO	Listening on 127.0.0.1:2380
1534387012309	mozrunner::runner	INFO	Running command: "C:\\Program Files\\Mozilla Firefox\\firefox.exe" "-marionette" "-foreground" "-no-remote" "-profile" "D:\\Users\\xiaoming\\Temp\\rust_mozprofile.kxylkGTAWIfZ"
Unable to read VR Path Registry from C:\Users\xiaoming\AppData\Local\openvr\openvrpaths.vrpath
Unable to read VR Path Registry from C:\Users\xiaoming\AppData\Local\openvr\openvrpaths.vrpath
Unable to read VR Path Registry from C:\Users\xiaoming\AppData\Local\openvr\openvrpaths.vrpath
Unable to read VR Path Registry from C:\Users\xiaoming\AppData\Local\openvr\openvrpaths.vrpath
Unable to read VR Path Registry from C:\Users\xiaoming\AppData\Local\openvr\openvrpaths.vrpath
1534387019927	Marionette	INFO	Listening on port 2390
1534387020793	Marionette	WARN	TLS certificate errors will be ignored for this session
[Parent 1988, Gecko_IOThread] WARNING: pipe error: 109: file z:/build/build/src/ipc/chromium/src/chrome/common/ipc_channel_win.cc, line 346
[Parent 1988, Gecko_IOThread] WARNING: pipe error: 109: file z:/build/build/src/ipc/chromium/src/chrome/common/ipc_channel_win.cc, line 346
1534387112130	geckodriver	INFO	geckodriver 0.21.0
1534387112177	geckodriver	INFO	Listening on 127.0.0.1:2479
1534387114961	mozrunner::runner	INFO	Running command: "C:\\Program Files\\Mozilla Firefox\\firefox.exe" "-marionette" "-foreground" "-no-remote" "-profile" "D:\\Users\\xiaoming\\Temp\\rust_mozprofile.8KqKRYwh9stc"
Unable to read VR Path Registry from C:\Users\xiaoming\AppData\Local\openvr\openvrpaths.vrpath
Unable to read VR Path Registry from C:\Users\xiaoming\AppData\Local\openvr\openvrpaths.vrpath
Unable to read VR Path Registry from C:\Users\xiaoming\AppData\Local\openvr\openvrpaths.vrpath
Unable to read VR Path Registry from C:\Users\xiaoming\AppData\Local\openvr\openvrpaths.vrpath
Unable to read VR Path Registry from C:\Users\xiaoming\AppData\Local\openvr\openvrpaths.vrpath
1534387124880	Marionette	INFO	Listening on port 2490
1534387124985	Marionette	WARN	TLS certificate errors will be ignored for this session
JavaScript error: http://s1.bdstatic.com/r/www/cache/static/plugins/every_cookie_4644b13.js, line 4: ReferenceError: c is not defined
1534387131373	addons.xpi	WARN	Exception running bootstrap method shutdown on activity-stream@mozilla.org: [Exception... "Component returned failure code: 0x80004005 (NS_ERROR_FAILURE) [nsIObserverService.removeObserver]"  nsresult: "0x80004005 (NS_ERROR_FAILURE)"  location: "JS frame :: resource://activity-stream/lib/TelemetryFeed.jsm :: uninit :: line 493"  data: no] Stack trace: uninit()@resource://activity-stream/lib/TelemetryFeed.jsm:493
onAction()@resource://activity-stream/lib/TelemetryFeed.jsm:451
_middleware/</<()@resource://activity-stream/lib/Store.jsm:51
Store/this[method]()@resource://activity-stream/lib/Store.jsm:29
uninit()@resource://activity-stream/lib/Store.jsm:170
uninit()@resource://activity-stream/lib/ActivityStream.jsm:318
uninit()@resource://gre/modules/addons/XPIProvider.jsm -> jar:file:///C:/Program%20Files/Mozilla%20Firefox/browser/features/activity-stream@mozilla.org.xpi!/bootstrap.js:79
shutdown()@resource://gre/modules/addons/XPIProvider.jsm -> jar:file:///C:/Program%20Files/Mozilla%20Firefox/browser/features/activity-stream@mozilla.org.xpi!/bootstrap.js:187
callBootstrapMethod()@resource://gre/modules/addons/XPIProvider.jsm:2757
observe()@resource://gre/modules/addons/XPIProvider.jsm:1672
GeckoDriver.prototype.quit()@driver.js:3282
despatch()@server.js:294
execute()@server.js:268
onPacket/<()@server.js:243
onPacket()@server.js:242
_onJSONObjectReady/<()@transport.js:500
[Parent 18012, Gecko_IOThread] WARNING: pipe error: 109: file z:/build/build/src/ipc/chromium/src/chrome/common/ipc_channel_win.cc, line 346
[Child 8092, Chrome_ChildThread] WARNING: pipe error: 109: file z:/build/build/src/ipc/chromium/src/chrome/common/ipc_channel_win.cc, line 346
[Child 8092, Chrome_ChildThread] WARNING: pipe error: 109: file z:/build/build/src/ipc/chromium/src/chrome/common/ipc_channel_win.cc, line 346
[Parent 18012, Gecko_IOThread] WARNING: pipe error: 109: file z:/build/build/src/ipc/chromium/src/chrome/common/ipc_channel_win.cc, line 346
[Child 13320, Chrome_ChildThread] WARNING: pipe error: 109: file z:/build/build/src/ipc/chromium/src/chrome/common/ipc_channel_win.cc, line 346
[Child 13320, Chrome_ChildThread] WARNING: pipe error: 109: file z:/build/build/src/ipc/chromium/src/chrome/common/ipc_channel_win.cc, line 346
*** UTM:SVC TimerManager:registerTimer called after profile-before-change notification. Ignoring timer registration for id: telemetry_modules_ping
[GPU 11532, Chrome_ChildThread
###!!! [Child][MessageChannel::SendAndWait] Error: Channel error: cannot send/recv

1534387144737	geckodriver	INFO	geckodriver 0.21.0
1534387144757	geckodriver	INFO	Listening on 127.0.0.1:2558
1534387147672	mozrunner::runner	INFO	Running command: "C:\\Program Files\\Mozilla Firefox\\firefox.exe" "-marionette" "-foreground" "-no-remote" "-profile" "D:\\Users\\xiaoming\\Temp\\rust_mozprofile.cFHPPEECViox"
Unable to read VR Path Registry from C:\Users\xiaoming\AppData\Local\openvr\openvrpaths.vrpath
Unable to read VR Path Registry from C:\Users\xiaoming\AppData\Local\openvr\openvrpaths.vrpath
Unable to read VR Path Registry from C:\Users\xiaoming\AppData\Local\openvr\openvrpaths.vrpath
Unable to read VR Path Registry from C:\Users\xiaoming\AppData\Local\openvr\openvrpaths.vrpath
Unable to read VR Path Registry from C:\Users\xiaoming\AppData\Local\openvr\openvrpaths.vrpath
1534387154248	Marionette	INFO	Listening on port 2567
1534387154768	Marionette	WARN	TLS certificate errors will be ignored for this session
JavaScript error: https://ss1.bdstatic.com/5eN1bjq8AAUYm2zgoY3K/r/www/cache/static/protocol/https/plugins/every_cookie_4644b13.js, line 4: ReferenceError: c is not defined
JavaScript error: https://sp0.baidu.com/5a1Fazu8AA54nxGko9WTAnF6hhy/su?wd=selen&json=1&p=3&sid=1438_21124_26350_20718&req=2&csor=5&pwd=sele&cb=jQuery110209049074827541821_1534387161168&_=1534387161174, line 1: TypeError: jQuery110209049074827541821_1534387161168 is not a function
JavaScript error: https://sp0.baidu.com/5a1Fazu8AA54nxGko9WTAnF6hhy/su?wd=seleniu&json=1&p=3&sid=1438_21124_26350_20718&req=2&csor=7&pwd=seleni&cb=jQuery110209049074827541821_1534387161168&_=1534387161176, line 1: TypeError: jQuery110209049074827541821_1534387161168 is not a function
JavaScript error: https://sp0.baidu.com/5a1Fazu8AA54nxGko9WTAnF6hhy/su?wd=selenium&json=1&p=3&sid=1438_21124_26350_20718&req=2&csor=8&pwd=seleniu&cb=jQuery110209049074827541821_1534387161168&_=1534387161177, line 1: TypeError: jQuery110209049074827541821_1534387161168 is not a function
[Child 9248, Chrome_ChildThread] WARNING: pipe error: 109: file z:/build/build/src/ipc/chromium/src/chrome/common/ipc_channel_win.cc, line 346
[Parent 6900, Gecko_IOThread] WARNING: pipe error: 109: file z:/build/build/src/ipc/chromium/src/chrome/common/ipc_channel_win.cc, line 346
[GPU 8804, Chrome_Chi
###!!! [Child][MessageChannel::SendAndWait] Error: Channel error: cannot send/recv

1534387237688	geckodriver	INFO	geckodriver 0.21.0
1534387237709	geckodriver	INFO	Listening on 127.0.0.1:2705
1534387240599	mozrunner::runner	INFO	Running command: "C:\\Program Files\\Mozilla Firefox\\firefox.exe" "-marionette" "-foreground" "-no-remote" "-profile" "D:\\Users\\xiaoming\\Temp\\rust_mozprofile.VzXQpgc6xhBo"
Unable to read VR Path Registry from C:\Users\xiaoming\AppData\Local\openvr\openvrpaths.vrpath
Unable to read VR Path Registry from C:\Users\xiaoming\AppData\Local\openvr\openvrpaths.vrpath
Unable to read VR Path Registry from C:\Users\xiaoming\AppData\Local\openvr\openvrpaths.vrpath
Unable to read VR Path Registry from C:\Users\xiaoming\AppData\Local\openvr\openvrpaths.vrpath
Unable to read VR Path Registry from C:\Users\xiaoming\AppData\Local\openvr\openvrpaths.vrpath
1534387248955	Marionette	INFO	Listening on port 2717
1534387249457	Marionette	WARN	TLS certificate errors will be ignored for this session
JavaScript error: https://ss1.bdstatic.com/5eN1bjq8AAUYm2zgoY3K/r/www/cache/static/protocol/https/plugins/every_cookie_4644b13.js, line 4: ReferenceError: c is not defined
JavaScript error: https://sp0.baidu.com/5a1Fazu8AA54nxGko9WTAnF6hhy/su?wd=seleniu&json=1&p=3&sid=1449_26911_21105_26350_26923&req=2&csor=7&pwd=seleni&cb=jQuery110204634873477117514_1534387252901&_=1534387252909, line 1: TypeError: jQuery110204634873477117514_1534387252901 is not a function
[Child 17972, Chrome_ChildThread] WARNING: pipe error: 109: file z:/build/build/src/ipc/chromium/src/chrome/common/ipc_channel_win.cc, line 346
[Child 17972, Chrome_ChildThread] WARNING: pipe error: 109: file z:/build/build/src/ipc/chromium/src/chrome/common/ipc_channel_win.cc, line 346
[Child 14852, Chrome_Chil[Parent 6272, Gecko_IOThread] WARNING: pipe error: 109: file z:/build/build/src/ipc/chromium/src/chrome/common/ipc_channel_win.cc, line 346

###!!! [Child][MessageChannel::SendAndWait] Error: Channel error: cannot send/recv

ry from C:\Users\xiaoming\AppData\Local\openvr\openvrpaths.vrpath
Unable to read VR Path Registry from C:\Users\xiaoming\AppData\Local\openvr\openvrpaths.vrpath
Unable to read VR Path Registry from C:\Users\xiaoming\AppData\Local\openvr\openvrpaths.vrpath
1534390079336	Marionette	INFO	Listening on port 4000
1534390080350	Marionette	WARN	TLS certificate errors will be ignored for this session
JavaScript error: https://ss1.bdstatic.com/5eN1bjq8AAUYm2zgoY3K/r/www/cache/static/protocol/https/plugins/every_cookie_4644b13.js, line 4: ReferenceError: c is not defined
JavaScript error: https://sp0.baidu.com/5a1Fazu8AA54nxGko9WTAnF6hhy/su?wd=selenium&json=1&p=3&sid=1463_25810_21103_18559_26350_20930&req=2&csor=8&pwd=seleniu&cb=jQuery1102007205045090808915_1534390083532&_=1534390083541, line 1: TypeError: jQuery1102007205045090808915_1534390083532 is not a function
[Parent 15420, Gecko_IOThread] WARNING: pipe error: 109: file z:/build/build/src/ipc/chromium/src/chrome/common/ipc_channel_win.cc, line 346
[Parent 15420, Gecko_IOThread] WARNING: pipe error: 109: file z:/build/build/src/ipc/chromium/src/chrome/common/ipc_channel_win.cc, line 346
[Child 17956, Chrome_ChildThread] WARNING: pipe error: 109: file z:/build/build/src/ipc/chromium/src/chrome/common/ipc_channel_win.cc, line 346
[Child 17888, Chrome_ChildThread] WARNING: pipe error: 109: file z:/build/build/src/ipc/chromium/src/chrome/common/ipc_channel_win.cc, line 346
[Child 17888, Chrome_ChildThread] WARNING: pipe error: 109: file z:/build/build/src/ipc/chromi[Parent 15420, Gecko_IOThread] WARNING: pipe error: 109: file z:/build/build/src/ipc/chromium/src/chrome/common/ipc_channel_win.cc, line 346
[Child 6920, Chrome_ChildThread] WARNING: pipe error: 109: file z:/build/build/src/ipc/chromium/src/chrome/common/ipc_channel_win.cc, line 346
[Child 6920, Chrome_ChildThread] WARNING: pipe error: 109: file z:/build/build/src/ipc/chromium/src/chrome/common/ipc_channel_win.cc, line 346

###!!! [Child][MessageChannel::SendAndWait] Error: Channel error: cannot send/recv

1534402034331	geckodriver	INFO	geckodriver 0.21.0
1534402034359	geckodriver	INFO	Listening on 127.0.0.1:1831
1534402037275	mozrunner::runner	INFO	Running command: "C:\\Program Files\\Mozilla Firefox\\firefox.exe" "-marionette" "-foreground" "-no-remote" "-profile" "D:\\Users\\xiaoming\\Temp\\rust_mozprofile.XyXAoqunYjfk"
Unable to read VR Path Registry from C:\Users\xiaoming\AppData\Local\openvr\openvrpaths.vrpath
Unable to rea1534402042192	mozrunner::runner	INFO	Running command: "C:\\Program Files\\Mozilla FUnable to read VR Path Registry from C:\Users\xiaoming\AppData\Local\openvr\openvrpaths.vrpath
Unable to read VR Path Registry froUnable to read VR Path Registry from C:\Users\xiaoming\AppData\Local\openvr\openvrpaths.vrpath
Unable to read VR Path Registry from C:\Users\xiaoming\AppData\Local\openvr\openvrpaths.vrpath
Unable to read VR Path Registry from C:\Users\xiaoming\AppData\Local\openvr\openvrpaths.vrpath
Unable to read VR Path Registry from C:\Users\xiaoming\AppData\Local\openvr\openvrpaths.vrpath
Unable to read VR Path Registry from C:\Users\xiaoming\AppData\Local\openvr\openvrpaths.vrpath
IPDL protocol error: Handler returned error code!

###!!! [Parent][DispatchAsyncMessage] Error: PLayerTransaction::Msg_ReleaseLayer Processing error: message was deserialized, but the handler returned false (indicating failure)

IPDL protocol error: Handler returned error code!

###!!! [Parent][DispatchAsyncMessage] Error: PLayerTransaction::Msg_ReleaseLayer Processing error: message was deserialized, but the handler returned false (indicating failure)

IPDL protocol error: Handler returned error code!

###!!! [Parent][DispatchAsyncMessage] Error: PLayerTransaction::Msg_ReleaseLayer Processing error: message was deserialized, but the handler returned false (indicating failure)

IPDL protocol error: Handler returned error code!

###!!! [Parent][DispatchAsyncMessage] Error: PLayerTransaction::Msg_ReleaseLayer Processing error: message was deserialized, but the handler returned false (indicating failure)

IPDL protocol error: Handler returned error code!

###!!! [Parent][DispatchAsyncMessage] Error: PLayerTransaction::Msg_ReleaseLayer Processing error: message was deserialized, but the handler returned false (indicating failure)

JavaScript error: resource:///modules/SavantShieldStudy.jsm, line 171: TypeError: this.addonListener is undefined
[Parent 18240, Gecko_IOThread] WARNING: pipe error: 109: file z:/build/build/src/ipc/chromium/src/chrome/common/ipc_channel_win.cc, line 346
[Child 19920, Chrome_ChildThread] WARNING: pipe error: 109: file z:/build/build/src/ipc/chromium/src/chrome/common/ipc_channel_win.cc, line 346
[Parent 18240, Gecko_IOThread] WARNING: pipe error: 109: file z:/build/build/src/ipc/chromium/src/chrome/common/ipc_channel_win.cc, line 346
1534402061703	addons.manager	ERROR	Failure during AddonRepository shutdown: Error: The object has been already finalized. (resource://gre/modules/DeferredTask.jsm:242:13) JS Stack trace: finalize@DeferredTask.jsm:242:13
shutdown@AddonRepository.jsm:875:19
shutdown@AddonRepository.jsm:323:12
shutdownManager@AddonManager.jsm:1073:13
observe@AsyncShutdown.jsm:541:9
WARNING: A blocker encountered an error while we were waiting.
          Blocker:  AddonManager: shutting down.
          Phase: profile-before-change
          State: [{"name":"AddonRepository: async shutdown","state":"in progress"}]
WARNING: Error: The object has been already finalized.
WARNING: finalize@resource://gre/modules/DeferredTask.jsm:242:13
shutdown@resource://gre/modules/addons/AddonRepository.jsm:875:19
shutdown@resource://gre/modules/addons/AddonRepository.jsm:323:12
shutdownManager@resource://gre/modules/AddonManager.jsm:1073:13
observe@resource://gre/modules/AsyncShutdown.jsm:541:9

JavaScript error: resource://gre/modules/DeferredTask.jsm, line 242: Error: The object has been already finalized.
*** UTM:SVC TimerManager:registerTimer called after profile-before-change notification. Ignoring timer registration for id: telemetry_modules_ping
[GPU 17612, Chrome_Chil
###!!! [Child][MessageChannel::SendAndWait] Error: Channel error: cannot send/recv

:SVC TimerManager:registerTimer called after profile-before-change notification. Ignoring timer registration for id: telemetry_modules_ping
[GPU 20004, Chrome_ChildThr
###!!! [Child][MessageChannel::SendAndWait] Error: Channel error: cannot send/recv

1534402142818	geckodriver	INFO	geckodriver 0.21.0
1534402142840	geckodriver	INFO	Listening on 127.0.0.1:2016
1534402145768	mozrunner::runner	INFO	Running command: "C:\\Program Files\\Mozilla Firefox\\firefox.exe" "-marionette" "-foreground" "-no-remote" "-profile" "D:\\Users\\xiaoming\\Temp\\rust_mozprofile.ezrCsuMJpdJ8"
Unable to read VR Path Registry from C:\Users\xiaoming\AppData\Local\openvr\openvrpaths.vrpath
Unable to read VR Path Registry from C:\Users\xiaoming\AppData\Local\openvr\openvrpaths.vrpath
Unable to read VR Path Registry from C:\Users\xiaoming\AppData\Local\openvr\openvrpaths.vrpath
Unable to read VR Path Registry from C:\Users\xiaoming\AppData\Local\openvr\openvrpaths.vrpath
Unable to read VR Path Registry from C:\Users\xiaoming\AppData\Local\openvr\openvrpaths.vrpath
1534402153947	Marionette	INFO	Listening on port 2024
1534402154699	Marionette	WARN	TLS certificate errors will be ignored for this session
JavaScript error: http://s1.bdstatic.com/r/www/cache/static/plugins/every_cookie_4644b13.js, line 4: ReferenceError: c is not defined
[Parent 19452, Gecko_IOThread] WARNING: pipe error: 109: file z:/build/build/src/ipc/chromium/src/chrome/common/ipc_channel_win.cc, line 346
[Child 3456, Chrome_ChildThread] WARNING: pipe error: 109: file z:/build/build/src/ipc/chromium/src/chrome/common/ipc_channel_win.cc, line 346
[Child 3456, Chrome_ChildThread] WARNING: pipe error: 109: file z:/build/build/src/ipc/chromium/src/chrome/common/ipc_channel_win.cc, line 346
[Parent 19452, Gecko_IOThread] WARNING: pipe error: 109: file z:/build/build/src/ipc/chromium/src/chrome/common/ipc_channel_win.cc, line 346
[Child 20348, Chrome_ChildThread] WARNING: pipe error: 109: file z:/build/build/src/ipc/chromium/src/chrome/common/ipc_channel_win.cc, line 346
[Child 20348, Chrome_ChildThread] WARNING: pipe error: 109: file z:/build/build/src/ipc/chromium/src/chrome/common/ipc_channel_win.cc, line 346
[Parent 19452, Gecko_IOThread] WARNING: pipe error: 109: file z:/build/build/src/ipc/chromium/src/chrome/common/ipc_channel_win.cc, line 346
[GPU 13308, Ch
###!!! [Child][MessageChannel::SendAndWait] Error: Channel error: cannot send/recv

